#
# A fatal error has been detected by the Java Runtime Environment:
#
#  EXCEPTION_ACCESS_VIOLATION (0xc0000005) at pc=0x00000001800071cd, pid=92324, tid=96228
#
# JRE version: Java(TM) SE Runtime Environment (7.0_67-b01) (build 1.7.0_67-b01)
# Java VM: Java HotSpot(TM) 64-Bit Server VM (24.65-b04 mixed mode windows-amd64 compressed oops)
# Problematic frame:
# C  [rxtxSerial.dll+0x71cd]
#
# Failed to write core dump. Minidumps are not enabled by default on client versions of Windows
#
# If you would like to submit a bug report, please visit:
#   http://bugreport.sun.com/bugreport/crash.jsp
# The crash happened outside the Java Virtual Machine in native code.
# See problematic frame for where to report the bug.
#

---------------  T H R E A D  ---------------

Current thread (0x000000000b2cf000):  JavaThread "Thread-72" [_thread_in_native, id=96228, stack(0x000000000fba0000,0x000000000fca0000)]

siginfo: ExceptionCode=0xc0000005, writing address 0x0000000000000100

Registers:
RAX=0x0000000000000000, RBX=0x0000000005647200, RCX=0x0000000000000002, RDX=0x0000000000000000
RSP=0x000000000fc9ed90, RBP=0x000000000fc9f000, RSI=0x000000000a000d49, RDI=0x00000000056457f0
R8 =0x0000000000000000, R9 =0x0000000000000000, R10=0x0000000000000006, R11=0x0000000000000001
R12=0x000000000fc9f008, R13=0x00000000bd9b5e00, R14=0x000000000fc9f008, R15=0x000000000b2cf000
RIP=0x00000001800071cd, EFLAGS=0x0000000000010202

Top of Stack: (sp=0x000000000fc9ed90)
0x000000000fc9ed90:   0000000005647200 000000000a000d40
0x000000000fc9eda0:   0000000000000000 00000000698e6a95
0x000000000fc9edb0:   000000000a000d40 0000000180009564
0x000000000fc9edc0:   000000000b2cf1e8 0000000000000106
0x000000000fc9edd0:   00000000bd9b5e00 000000000fc9f008
0x000000000fc9ede0:   000000000ca134f0 000000000a000d40
0x000000000fc9edf0:   000000000fc9f000 000000018000a2ae
0x000000000fc9ee00:   000000000b2cf000 000000006982cb8c
0x000000000fc9ee10:   000000000b2cf1e8 000000000a000d40
0x000000000fc9ee20:   0000000000000000 0000000000000008
0x000000000fc9ee30:   000058b3a96e6245 000000007fffffdc
0x000000000fc9ee40:   000000000fc9eed0 0000000000000042
0x000000000fc9ee50:   000000000b2cf1e8 0000000000000000
0x000000000fc9ee60:   000000000a000d40 000000018000213d
0x000000000fc9ee70:   000000000b2cf1e8 000000018001c0b0
0x000000000fc9ee80:   0000000000000000 0000000180000000 

Instructions: (pc=0x00000001800071cd)
0x00000001800071ad:   00 00 7e 3d 48 8b 87 08 01 00 00 48 89 bb 00 01
0x00000001800071bd:   00 00 48 89 83 08 01 00 00 48 8b 87 08 01 00 00
0x00000001800071cd:   48 89 98 00 01 00 00 48 89 9f 08 01 00 00 48 8b
0x00000001800071dd:   c3 48 8b 5c 24 30 48 8b 74 24 38 48 83 c4 20 5f 


Register to memory mapping:

RAX=0x0000000000000000 is an unknown value
RBX=0x0000000005647200 is an unknown value
RCX=0x0000000000000002 is an unknown value
RDX=0x0000000000000000 is an unknown value
RSP=0x000000000fc9ed90 is pointing into the stack for thread: 0x000000000b2cf000
RBP=0x000000000fc9f000 is pointing into the stack for thread: 0x000000000b2cf000
RSI=0x000000000a000d49 is an unknown value
RDI=0x00000000056457f0 is an unknown value
R8 =0x0000000000000000 is an unknown value
R9 =0x0000000000000000 is an unknown value
R10=0x0000000000000006 is an unknown value
R11=0x0000000000000001 is an unknown value
R12=0x000000000fc9f008 is pointing into the stack for thread: 0x000000000b2cf000
R13=0x00000000bd9b5e00 is pointing into object: 0x00000000bd9b5dc0
{constMethod} 
 - klass: {other class}
 - constants:       0x00000000bd9b4330 constant pool [569] for 'gnu/io/RXTXPort' cache=0x00000000bd9c98d8
R14=0x000000000fc9f008 is pointing into the stack for thread: 0x000000000b2cf000
R15=0x000000000b2cf000 is a thread


Stack: [0x000000000fba0000,0x000000000fca0000],  sp=0x000000000fc9ed90,  free space=1019k
Native frames: (J=compiled Java code, j=interpreted, Vv=VM code, C=native code)
C  [rxtxSerial.dll+0x71cd]

Java frames: (J=compiled Java code, j=interpreted, Vv=VM code)
j  gnu.io.RXTXPort.open(Ljava/lang/String;)I+0
j  gnu.io.RXTXPort.<init>(Ljava/lang/String;)V+125
j  gnu.io.RXTXCommDriver.getCommPort(Ljava/lang/String;I)Lgnu/io/CommPort;+78
j  gnu.io.CommPortIdentifier.open(Ljava/lang/String;I)Lgnu/io/CommPort;+171
j  eventlogger.SerialHelper.connect(Ljava/lang/String;I)Z+26
j  eventlogger.EventLoggerView.com_connect(Ljava/lang/String;)Z+102
j  eventlogger.EventLoggerView$38.run()V+11
j  java.lang.Thread.run()V+11
v  ~StubRoutines::call_stub

---------------  P R O C E S S  ---------------

Java Threads: ( => current thread )
  0x000000000b2cc800 JavaThread "Thread-73" [_thread_blocked, id=97236, stack(0x0000000010470000,0x0000000010570000)]
=>0x000000000b2cf000 JavaThread "Thread-72" [_thread_in_native, id=96228, stack(0x000000000fba0000,0x000000000fca0000)]
  0x000000000b2cd800 JavaThread "Thread-68" [_thread_in_native, id=95652, stack(0x00000000107c0000,0x00000000108c0000)]
  0x000000000b2cb000 JavaThread "Thread-62" [_thread_in_native, id=95564, stack(0x0000000010310000,0x0000000010410000)]
  0x000000000b2ca800 JavaThread "Timer-14" [_thread_blocked, id=94828, stack(0x00000000101d0000,0x00000000102d0000)]
  0x000000000b2c9800 JavaThread "Timer-13" [_thread_blocked, id=95492, stack(0x000000000ff80000,0x0000000010080000)]
  0x000000000b2c9000 JavaThread "Timer-12" [_thread_blocked, id=95504, stack(0x000000000fd90000,0x000000000fe90000)]
  0x000000000c2b2000 JavaThread "Timer-11" [_thread_blocked, id=96728, stack(0x000000000b080000,0x000000000b180000)]
  0x000000000c2b7000 JavaThread "Timer-10" [_thread_blocked, id=96124, stack(0x000000000e100000,0x000000000e200000)]
  0x000000000c2b5000 JavaThread "Timer-9" [_thread_blocked, id=95952, stack(0x000000000bd50000,0x000000000be50000)]
  0x000000000c2b4000 JavaThread "Timer-8" [_thread_blocked, id=95672, stack(0x000000000fa10000,0x000000000fb10000)]
  0x000000000c2b5800 JavaThread "Timer-7" [_thread_blocked, id=85968, stack(0x000000000f8a0000,0x000000000f9a0000)]
  0x000000000c2b0800 JavaThread "Timer-6" [_thread_blocked, id=96412, stack(0x000000000f6e0000,0x000000000f7e0000)]
  0x000000000c2b2800 JavaThread "Timer-5" [_thread_blocked, id=94656, stack(0x000000000f4e0000,0x000000000f5e0000)]
  0x000000000c2b1000 JavaThread "Timer-4" [_thread_blocked, id=95184, stack(0x000000000f300000,0x000000000f400000)]
  0x000000000c2b3800 JavaThread "Timer-3" [_thread_blocked, id=92544, stack(0x000000000d280000,0x000000000d380000)]
  0x000000000b5da000 JavaThread "Timer-2" [_thread_blocked, id=93008, stack(0x000000000c1b0000,0x000000000c2b0000)]
  0x000000000b675800 JavaThread "Timer-1" [_thread_blocked, id=87968, stack(0x000000000c090000,0x000000000c190000)]
  0x000000000b2f1800 JavaThread "TimerQueue" daemon [_thread_blocked, id=92404, stack(0x000000000be90000,0x000000000bf90000)]
  0x000000000a0e1000 JavaThread "Timer-0" [_thread_blocked, id=93288, stack(0x000000000aa50000,0x000000000ab50000)]
  0x0000000001e58800 JavaThread "DestroyJavaVM" [_thread_blocked, id=94336, stack(0x0000000002180000,0x0000000002280000)]
  0x0000000009fce000 JavaThread "AWT-EventQueue-0" [_thread_blocked, id=88732, stack(0x000000000b180000,0x000000000b280000)]
  0x0000000009fc9800 JavaThread "AWT-Windows" daemon [_thread_in_native, id=94552, stack(0x000000000ad80000,0x000000000ae80000)]
  0x0000000009fc8800 JavaThread "AWT-Shutdown" [_thread_blocked, id=93608, stack(0x000000000abc0000,0x000000000acc0000)]
  0x0000000009fc7000 JavaThread "Java2D Disposer" daemon [_thread_blocked, id=93348, stack(0x000000000a950000,0x000000000aa50000)]
  0x0000000009de4800 JavaThread "Service Thread" daemon [_thread_blocked, id=93992, stack(0x000000000a550000,0x000000000a650000)]
  0x0000000009de3000 JavaThread "C2 CompilerThread1" daemon [_thread_blocked, id=84852, stack(0x000000000a240000,0x000000000a340000)]
  0x00000000081ec800 JavaThread "C2 CompilerThread0" daemon [_thread_blocked, id=94120, stack(0x000000000a350000,0x000000000a450000)]
  0x00000000081e5800 JavaThread "JDWP Command Reader" daemon [_thread_in_native, id=95032, stack(0x0000000009cd0000,0x0000000009dd0000)]
  0x00000000081e4000 JavaThread "JDWP Event Helper Thread" daemon [_thread_blocked, id=91072, stack(0x0000000009b80000,0x0000000009c80000)]
  0x00000000081e0800 JavaThread "JDWP Transport Listener: dt_shmem" daemon [_thread_blocked, id=92412, stack(0x0000000009a00000,0x0000000009b00000)]
  0x00000000081d1800 JavaThread "Attach Listener" daemon [_thread_blocked, id=89760, stack(0x00000000095e0000,0x00000000096e0000)]
  0x00000000081ca800 JavaThread "Signal Dispatcher" daemon [_thread_blocked, id=94848, stack(0x0000000009860000,0x0000000009960000)]
  0x0000000008171000 JavaThread "Finalizer" daemon [_thread_blocked, id=91048, stack(0x0000000009700000,0x0000000009800000)]
  0x000000000816f800 JavaThread "Reference Handler" daemon [_thread_blocked, id=89484, stack(0x0000000009420000,0x0000000009520000)]

Other Threads:
  0x000000000816c000 VMThread [stack: 0x00000000092c0000,0x00000000093c0000] [id=93280]
  0x0000000009dff000 WatcherThread [stack: 0x000000000a760000,0x000000000a860000] [id=93092]

VM state:not at safepoint (normal execution)

VM Mutex/Monitor currently owned by a thread: None

Heap
 PSYoungGen      total 25600K, used 11508K [0x00000000eb280000, 0x00000000ed480000, 0x0000000100000000)
  eden space 16384K, 63% used [0x00000000eb280000,0x00000000ebcbd3a8,0x00000000ec280000)
  from space 9216K, 11% used [0x00000000ec280000,0x00000000ec380000,0x00000000ecb80000)
  to   space 9216K, 0% used [0x00000000ecb80000,0x00000000ecb80000,0x00000000ed480000)
 ParOldGen       total 122368K, used 112870K [0x00000000c1800000, 0x00000000c8f80000, 0x00000000eb280000)
  object space 122368K, 92% used [0x00000000c1800000,0x00000000c8639bc8,0x00000000c8f80000)
 PSPermGen       total 21504K, used 20753K [0x00000000bc600000, 0x00000000bdb00000, 0x00000000c1800000)
  object space 21504K, 96% used [0x00000000bc600000,0x00000000bda44700,0x00000000bdb00000)

Card table byte_map: [0x0000000005280000,0x00000000054a0000] byte_map_base: 0x0000000004c9d000

Polling page: 0x0000000000110000

Code Cache  [0x0000000002280000, 0x0000000002560000, 0x0000000005280000)
 total_blobs=1158 nmethods=651 adapters=466 free_code_cache=46501Kb largest_free_block=47381056

Compilation events (10 events):
Event: 1304.211 Thread 0x0000000009de3000 nmethod 714 0x0000000002469110 code [0x0000000002469280, 0x0000000002469668]
Event: 1304.211 Thread 0x00000000081ec800 nmethod 715 0x00000000023f5790 code [0x00000000023f5900, 0x00000000023f5cc8]
Event: 1305.182 Thread 0x00000000081ec800  716             sun.java2d.pipe.AlphaPaintPipe::renderPathTile (491 bytes)
Event: 1305.241 Thread 0x00000000081ec800 nmethod 716 0x000000000240cd10 code [0x000000000240d0a0, 0x0000000002410800]
Event: 1319.863 Thread 0x0000000009de3000  717             javax.swing.GroupLayout$ComponentSpring::calculateMinimumSize (21 bytes)
Event: 1319.863 Thread 0x00000000081ec800  718             javax.swing.GroupLayout$ComponentSpring::calculatePreferredSize (45 bytes)
Event: 1319.867 Thread 0x0000000009de3000 nmethod 717 0x00000000023f4990 code [0x00000000023f4b20, 0x00000000023f4f90]
Event: 1319.867 Thread 0x0000000009de3000  719             javax.swing.GroupLayout$ComponentSpring::calculateMaximumSize (29 bytes)
Event: 1319.869 Thread 0x0000000009de3000 nmethod 719 0x0000000002456d90 code [0x0000000002456f00, 0x00000000024570f0]
Event: 1319.883 Thread 0x00000000081ec800 nmethod 718 0x00000000024c7850 code [0x00000000024c7ac0, 0x00000000024c8808]

GC Heap History (10 events):
Event: 542.932 GC heap before
{Heap before GC invocations=7 (full 0):
 PSYoungGen      total 25600K, used 19452K [0x00000000eb280000, 0x00000000ed580000, 0x0000000100000000)
  eden space 16384K, 100% used [0x00000000eb280000,0x00000000ec280000,0x00000000ec280000)
  from space 9216K, 33% used [0x00000000ecc80000,0x00000000ecf7f158,0x00000000ed580000)
  to   space 9728K, 0% used [0x00000000ec280000,0x00000000ec280000,0x00000000ecc00000)
 ParOldGen       total 62464K, used 49801K [0x00000000c1800000, 0x00000000c5500000, 0x00000000eb280000)
  object space 62464K, 79% used [0x00000000c1800000,0x00000000c48a25c0,0x00000000c5500000)
 PSPermGen       total 21504K, used 20664K [0x00000000bc600000, 0x00000000bdb00000, 0x00000000c1800000)
  object space 21504K, 96% used [0x00000000bc600000,0x00000000bda2e0d8,0x00000000bdb00000)
Event: 542.937 GC heap after
Heap after GC invocations=7 (full 0):
 PSYoungGen      total 26112K, used 864K [0x00000000eb280000, 0x00000000ed580000, 0x0000000100000000)
  eden space 16384K, 0% used [0x00000000eb280000,0x00000000eb280000,0x00000000ec280000)
  from space 9728K, 8% used [0x00000000ec280000,0x00000000ec358000,0x00000000ecc00000)
  to   space 9728K, 0% used [0x00000000ecc00000,0x00000000ecc00000,0x00000000ed580000)
 ParOldGen       total 62464K, used 52142K [0x00000000c1800000, 0x00000000c5500000, 0x00000000eb280000)
  object space 62464K, 83% used [0x00000000c1800000,0x00000000c4aeb898,0x00000000c5500000)
 PSPermGen       total 21504K, used 20664K [0x00000000bc600000, 0x00000000bdb00000, 0x00000000c1800000)
  object space 21504K, 96% used [0x00000000bc600000,0x00000000bda2e0d8,0x00000000bdb00000)
}
Event: 571.352 GC heap before
{Heap before GC invocations=8 (full 0):
 PSYoungGen      total 26112K, used 17248K [0x00000000eb280000, 0x00000000ed580000, 0x0000000100000000)
  eden space 16384K, 100% used [0x00000000eb280000,0x00000000ec280000,0x00000000ec280000)
  from space 9728K, 8% used [0x00000000ec280000,0x00000000ec358000,0x00000000ecc00000)
  to   space 9728K, 0% used [0x00000000ecc00000,0x00000000ecc00000,0x00000000ed580000)
 ParOldGen       total 82432K, used 71673K [0x00000000c1800000, 0x00000000c6880000, 0x00000000eb280000)
  object space 82432K, 86% used [0x00000000c1800000,0x00000000c5dfe5a8,0x00000000c6880000)
 PSPermGen       total 21504K, used 20669K [0x00000000bc600000, 0x00000000bdb00000, 0x00000000c1800000)
  object space 21504K, 96% used [0x00000000bc600000,0x00000000bda2f4e8,0x00000000bdb00000)
Event: 571.355 GC heap after
Heap after GC invocations=8 (full 0):
 PSYoungGen      total 26112K, used 1504K [0x00000000eb280000, 0x00000000ed580000, 0x0000000100000000)
  eden space 16384K, 0% used [0x00000000eb280000,0x00000000eb280000,0x00000000ec280000)
  from space 9728K, 15% used [0x00000000ecc00000,0x00000000ecd78000,0x00000000ed580000)
  to   space 9728K, 0% used [0x00000000ec280000,0x00000000ec280000,0x00000000ecc00000)
 ParOldGen       total 82432K, used 71865K [0x00000000c1800000, 0x00000000c6880000, 0x00000000eb280000)
  object space 82432K, 87% used [0x00000000c1800000,0x00000000c5e2e5a8,0x00000000c6880000)
 PSPermGen       total 21504K, used 20669K [0x00000000bc600000, 0x00000000bdb00000, 0x00000000c1800000)
  object space 21504K, 96% used [0x00000000bc600000,0x00000000bda2f4e8,0x00000000bdb00000)
}
Event: 721.136 GC heap before
{Heap before GC invocations=9 (full 0):
 PSYoungGen      total 26112K, used 17888K [0x00000000eb280000, 0x00000000ed580000, 0x0000000100000000)
  eden space 16384K, 100% used [0x00000000eb280000,0x00000000ec280000,0x00000000ec280000)
  from space 9728K, 15% used [0x00000000ecc00000,0x00000000ecd78000,0x00000000ed580000)
  to   space 9728K, 0% used [0x00000000ec280000,0x00000000ec280000,0x00000000ecc00000)
 ParOldGen       total 82432K, used 71865K [0x00000000c1800000, 0x00000000c6880000, 0x00000000eb280000)
  object space 82432K, 87% used [0x00000000c1800000,0x00000000c5e2e5a8,0x00000000c6880000)
 PSPermGen       total 21504K, used 20673K [0x00000000bc600000, 0x00000000bdb00000, 0x00000000c1800000)
  object space 21504K, 96% used [0x00000000bc600000,0x00000000bda307b8,0x00000000bdb00000)
Event: 721.138 GC heap after
Heap after GC invocations=9 (full 0):
 PSYoungGen      total 17920K, used 1344K [0x00000000eb280000, 0x00000000ed480000, 0x0000000100000000)
  eden space 16384K, 0% used [0x00000000eb280000,0x00000000eb280000,0x00000000ec280000)
  from space 1536K, 87% used [0x00000000ec280000,0x00000000ec3d0000,0x00000000ec400000)
  to   space 9216K, 0% used [0x00000000ecb80000,0x00000000ecb80000,0x00000000ed480000)
 ParOldGen       total 82432K, used 72181K [0x00000000c1800000, 0x00000000c6880000, 0x00000000eb280000)
  object space 82432K, 87% used [0x00000000c1800000,0x00000000c5e7d488,0x00000000c6880000)
 PSPermGen       total 21504K, used 20673K [0x00000000bc600000, 0x00000000bdb00000, 0x00000000c1800000)
  object space 21504K, 96% used [0x00000000bc600000,0x00000000bda307b8,0x00000000bdb00000)
}
Event: 898.011 GC heap before
{Heap before GC invocations=10 (full 0):
 PSYoungGen      total 17920K, used 17728K [0x00000000eb280000, 0x00000000ed480000, 0x0000000100000000)
  eden space 16384K, 100% used [0x00000000eb280000,0x00000000ec280000,0x00000000ec280000)
  from space 1536K, 87% used [0x00000000ec280000,0x00000000ec3d0000,0x00000000ec400000)
  to   space 9216K, 0% used [0x00000000ecb80000,0x00000000ecb80000,0x00000000ed480000)
 ParOldGen       total 102400K, used 91712K [0x00000000c1800000, 0x00000000c7c00000, 0x00000000eb280000)
  object space 102400K, 89% used [0x00000000c1800000,0x00000000c7190198,0x00000000c7c00000)
 PSPermGen       total 21504K, used 20703K [0x00000000bc600000, 0x00000000bdb00000, 0x00000000c1800000)
  object space 21504K, 96% used [0x00000000bc600000,0x00000000bda37ff0,0x00000000bdb00000)
Event: 898.015 GC heap after
Heap after GC invocations=10 (full 0):
 PSYoungGen      total 25600K, used 928K [0x00000000eb280000, 0x00000000ed480000, 0x0000000100000000)
  eden space 16384K, 0% used [0x00000000eb280000,0x00000000eb280000,0x00000000ec280000)
  from space 9216K, 10% used [0x00000000ecb80000,0x00000000ecc68000,0x00000000ed480000)
  to   space 9216K, 0% used [0x00000000ec280000,0x00000000ec280000,0x00000000ecb80000)
 ParOldGen       total 102400K, used 92565K [0x00000000c1800000, 0x00000000c7c00000, 0x00000000eb280000)
  object space 102400K, 90% used [0x00000000c1800000,0x00000000c72656a8,0x00000000c7c00000)
 PSPermGen       total 21504K, used 20703K [0x00000000bc600000, 0x00000000bdb00000, 0x00000000c1800000)
  object space 21504K, 96% used [0x00000000bc600000,0x00000000bda37ff0,0x00000000bdb00000)
}
Event: 1297.914 GC heap before
{Heap before GC invocations=11 (full 0):
 PSYoungGen      total 25600K, used 17312K [0x00000000eb280000, 0x00000000ed480000, 0x0000000100000000)
  eden space 16384K, 100% used [0x00000000eb280000,0x00000000ec280000,0x00000000ec280000)
  from space 9216K, 10% used [0x00000000ecb80000,0x00000000ecc68000,0x00000000ed480000)
  to   space 9216K, 0% used [0x00000000ec280000,0x00000000ec280000,0x00000000ecb80000)
 ParOldGen       total 122368K, used 112096K [0x00000000c1800000, 0x00000000c8f80000, 0x00000000eb280000)
  object space 122368K, 91% used [0x00000000c1800000,0x00000000c85783b8,0x00000000c8f80000)
 PSPermGen       total 21504K, used 20749K [0x00000000bc600000, 0x00000000bdb00000, 0x00000000c1800000)
  object space 21504K, 96% used [0x00000000bc600000,0x00000000bda43500,0x00000000bdb00000)
Event: 1297.931 GC heap after
Heap after GC invocations=11 (full 0):
 PSYoungGen      total 25600K, used 1024K [0x00000000eb280000, 0x00000000ed480000, 0x0000000100000000)
  eden space 16384K, 0% used [0x00000000eb280000,0x00000000eb280000,0x00000000ec280000)
  from space 9216K, 11% used [0x00000000ec280000,0x00000000ec380000,0x00000000ecb80000)
  to   space 9216K, 0% used [0x00000000ecb80000,0x00000000ecb80000,0x00000000ed480000)
 ParOldGen       total 122368K, used 112870K [0x00000000c1800000, 0x00000000c8f80000, 0x00000000eb280000)
  object space 122368K, 92% used [0x00000000c1800000,0x00000000c8639bc8,0x00000000c8f80000)
 PSPermGen       total 21504K, used 20749K [0x00000000bc600000, 0x00000000bdb00000, 0x00000000c1800000)
  object space 21504K, 96% used [0x00000000bc600000,0x00000000bda43500,0x00000000bdb00000)
}

Deoptimization events (10 events):
Event: 571.454 Thread 0x000000000c2b6800 Uncommon trap: reason=unloaded action=reinterpret pc=0x0000000002388038 method=eventlogger.EventLoggerView.wait_for_resp()Z @ 181
Event: 571.455 Thread 0x000000000c2b6800 Uncommon trap: reason=class_check action=maybe_recompile pc=0x00000000024158f0 method=java.awt.Container.validateTree()V @ 21
Event: 571.465 Thread 0x0000000009fce000 Uncommon trap: reason=unreached action=reinterpret pc=0x00000000023a66f0 method=javax.swing.plaf.nimbus.SynthPainterImpl.paintForeground(Ljavax/swing/plaf/synth/SynthContext;Ljava/awt/Graphics;IIIILjava/awt/geom/AffineTransform;)V @ 12
Event: 741.687 Thread 0x0000000009fce000 Uncommon trap: reason=null_check action=none pc=0x0000000002425120 method=java.text.SimpleDateFormat.compile(Ljava/lang/String;)[C @ 1
Event: 741.724 Thread 0x0000000009fce000 Uncommon trap: reason=null_check action=none pc=0x0000000002425120 method=java.text.SimpleDateFormat.compile(Ljava/lang/String;)[C @ 1
Event: 1128.049 Thread 0x0000000009fce000 Uncommon trap: reason=class_check action=maybe_recompile pc=0x00000000024158f0 method=java.awt.Container.validateTree()V @ 21
Event: 1128.053 Thread 0x0000000009fce000 Uncommon trap: reason=class_check action=maybe_recompile pc=0x00000000024158f0 method=java.awt.Container.validateTree()V @ 21
Event: 1140.988 Thread 0x000000000b2c9800 Uncommon trap: reason=class_check action=maybe_recompile pc=0x00000000024158f0 method=java.awt.Container.validateTree()V @ 21
Event: 1285.746 Thread 0x0000000009fce000 Uncommon trap: reason=null_check action=none pc=0x0000000002425120 method=java.text.SimpleDateFormat.compile(Ljava/lang/String;)[C @ 1
Event: 1285.773 Thread 0x0000000009fce000 Uncommon trap: reason=null_check action=none pc=0x0000000002425120 method=java.text.SimpleDateFormat.compile(Ljava/lang/String;)[C @ 1

Internal exceptions (10 events):
Event: 562.199 Thread 0x0000000009fce000 Implicit null exception at 0x00000000023f4a7c to 0x00000000023f5145
Event: 571.306 Thread 0x0000000009fce000 Implicit null exception at 0x00000000024d1d5d to 0x00000000024d8bdd
Event: 723.315 Thread 0x000000000c2b5000 Threw 0x00000000eb52e098 at C:\re\jdk7u67\1368\hotspot\src\share\vm\prims\jni.cpp:717
Event: 723.353 Thread 0x000000000c2b5000 Threw 0x00000000eb58dbe0 at C:\re\jdk7u67\1368\hotspot\src\share\vm\prims\jni.cpp:717
Event: 1128.051 Thread 0x0000000009fce000 Threw 0x00000000eb674270 at C:\re\jdk7u67\1368\hotspot\src\share\vm\prims\jvm.cpp:1244
Event: 1297.759 Thread 0x000000000b2cb000 Threw 0x00000000ec026988 at C:\re\jdk7u67\1368\hotspot\src\share\vm\prims\jni.cpp:717
Event: 1297.773 Thread 0x000000000b2cb000 Threw 0x00000000ec1bd3d0 at C:\re\jdk7u67\1368\hotspot\src\share\vm\prims\jni.cpp:717
Event: 1302.774 Thread 0x000000000b2cb000 Threw 0x00000000eb3c32f0 at C:\re\jdk7u67\1368\hotspot\src\share\vm\prims\jni.cpp:743
Event: 1320.296 Thread 0x000000000b2cf000 Threw 0x00000000ebc94a00 at C:\re\jdk7u67\1368\hotspot\src\share\vm\prims\jni.cpp:717
Event: 1320.306 Thread 0x000000000b2cf000 Threw 0x00000000ebcaabd8 at C:\re\jdk7u67\1368\hotspot\src\share\vm\prims\jni.cpp:717

Events (10 events):
Event: 1309.074 Executing VM operation: RevokeBias
Event: 1309.074 Executing VM operation: RevokeBias done
Event: 1309.076 Thread 0x000000000c2b6800 Thread exited: 0x000000000c2b6800
Event: 1309.076 Executing VM operation: RevokeBias
Event: 1309.076 Executing VM operation: RevokeBias done
Event: 1313.394 Executing VM operation: RevokeBias
Event: 1313.394 Executing VM operation: RevokeBias done
Event: 1313.394 Thread 0x000000000b2cf000 Thread exited: 0x000000000b2cf000
Event: 1319.859 Thread 0x000000000b2cf000 Thread added: 0x000000000b2cf000
Event: 1320.306 Thread 0x000000000b2cc800 Thread added: 0x000000000b2cc800


Dynamic libraries:
0x000000013fa60000 - 0x000000013fa93000 	C:\Program Files\Java\jdk1.7.0_67\bin\java.exe
0x0000000076d50000 - 0x0000000076efa000 	C:\Windows\SYSTEM32\ntdll.dll
0x0000000076b30000 - 0x0000000076c4f000 	C:\Windows\system32\kernel32.dll
0x000007fefca60000 - 0x000007fefcaca000 	C:\Windows\system32\KERNELBASE.dll
0x000007fefea00000 - 0x000007fefeadb000 	C:\Windows\system32\ADVAPI32.dll
0x000007fefd0d0000 - 0x000007fefd16f000 	C:\Windows\system32\msvcrt.dll
0x000007fefd9a0000 - 0x000007fefd9bf000 	C:\Windows\SYSTEM32\sechost.dll
0x000007fefd290000 - 0x000007fefd3bd000 	C:\Windows\system32\RPCRT4.dll
0x0000000076c50000 - 0x0000000076d4a000 	C:\Windows\system32\USER32.dll
0x000007fefeae0000 - 0x000007fefeb47000 	C:\Windows\system32\GDI32.dll
0x000007fefd990000 - 0x000007fefd99e000 	C:\Windows\system32\LPK.dll
0x000007fefe930000 - 0x000007fefe9fb000 	C:\Windows\system32\USP10.dll
0x000007fefb100000 - 0x000007fefb2f4000 	C:\Windows\WinSxS\amd64_microsoft.windows.common-controls_6595b64144ccf1df_6.0.7601.18837_none_fa3b1e3d17594757\COMCTL32.dll
0x000007fefefe0000 - 0x000007feff051000 	C:\Windows\system32\SHLWAPI.dll
0x000007fefe7f0000 - 0x000007fefe81e000 	C:\Windows\system32\IMM32.DLL
0x000007fefe820000 - 0x000007fefe929000 	C:\Windows\system32\MSCTF.dll
0x000000006f8f0000 - 0x000000006f9c2000 	C:\Program Files\Java\jdk1.7.0_67\jre\bin\msvcr100.dll
0x0000000069710000 - 0x0000000069ee2000 	C:\Program Files\Java\jdk1.7.0_67\jre\bin\server\jvm.dll
0x000007fef8680000 - 0x000007fef8689000 	C:\Windows\system32\WSOCK32.dll
0x000007fefd5b0000 - 0x000007fefd5fd000 	C:\Windows\system32\WS2_32.dll
0x000007fefd5a0000 - 0x000007fefd5a8000 	C:\Windows\system32\NSI.dll
0x000007fefa5a0000 - 0x000007fefa5db000 	C:\Windows\system32\WINMM.dll
0x0000000076f10000 - 0x0000000076f17000 	C:\Windows\system32\PSAPI.DLL
0x0000000072f90000 - 0x0000000072f9f000 	C:\Program Files\Java\jdk1.7.0_67\jre\bin\verify.dll
0x000000006fe10000 - 0x000000006fe38000 	C:\Program Files\Java\jdk1.7.0_67\jre\bin\java.dll
0x00000000742e0000 - 0x0000000074315000 	C:\Program Files\Java\jdk1.7.0_67\jre\bin\jdwp.dll
0x0000000074380000 - 0x0000000074388000 	C:\Program Files\Java\jdk1.7.0_67\jre\bin\npt.dll
0x0000000072be0000 - 0x0000000072bf5000 	C:\Program Files\Java\jdk1.7.0_67\jre\bin\zip.dll
0x000000006fde0000 - 0x000000006fdeb000 	C:\Program Files\Java\jdk1.7.0_67\jre\bin\dt_shmem.dll
0x00000000689a0000 - 0x0000000068b35000 	C:\Program Files\Java\jdk1.7.0_67\jre\bin\awt.dll
0x000007fefef00000 - 0x000007fefefda000 	C:\Windows\system32\OLEAUT32.dll
0x000007fefd600000 - 0x000007fefd7fc000 	C:\Windows\system32\ole32.dll
0x000007fefacc0000 - 0x000007fefad16000 	C:\Windows\system32\uxtheme.dll
0x000007fef0310000 - 0x000007fef0358000 	C:\Program Files (x86)\TeamViewer\tv_x64.dll
0x000007fefbb60000 - 0x000007fefbb6c000 	C:\Windows\system32\VERSION.dll
0x000007fefda60000 - 0x000007fefe7ea000 	C:\Windows\system32\SHELL32.dll
0x000007fefa420000 - 0x000007fefa438000 	C:\Windows\system32\dwmapi.dll
0x000007fefc8a0000 - 0x000007fefc8af000 	C:\Windows\system32\CRYPTBASE.dll
0x000000006fd60000 - 0x000000006fda7000 	C:\Program Files\Java\jdk1.7.0_67\jre\bin\fontmanager.dll
0x0000000072390000 - 0x00000000723a9000 	C:\Program Files\Java\jdk1.7.0_67\jre\bin\net.dll
0x000007fefc1d0000 - 0x000007fefc225000 	C:\Windows\system32\mswsock.dll
0x000007fefc1c0000 - 0x000007fefc1c7000 	C:\Windows\System32\wship6.dll
0x000000006fdf0000 - 0x000000006fe01000 	C:\Program Files\Java\jdk1.7.0_67\jre\bin\nio.dll
0x000000006fa60000 - 0x000000006faa1000 	C:\Program Files\Java\jdk1.7.0_67\jre\bin\t2k.dll
0x0000000072f80000 - 0x0000000072f8b000 	C:\Program Files\Java\jdk1.7.0_67\jre\bin\management.dll
0x000007fefc230000 - 0x000007fefc248000 	C:\Windows\system32\CRYPTSP.dll
0x000007fefbf30000 - 0x000007fefbf77000 	C:\Windows\system32\rsaenh.dll
0x000007fefcbd0000 - 0x000007fefcbee000 	C:\Windows\system32\USERENV.dll
0x000007fefca40000 - 0x000007fefca4f000 	C:\Windows\system32\profapi.dll
0x000007fefbb30000 - 0x000007fefbb57000 	C:\Windows\system32\IPHLPAPI.DLL
0x000007fefbb20000 - 0x000007fefbb2b000 	C:\Windows\system32\WINNSI.DLL
0x000007fef9f80000 - 0x000007fef9f91000 	C:\Windows\system32\dhcpcsvc6.DLL
0x000007fefbac0000 - 0x000007fefbad8000 	C:\Windows\system32\dhcpcsvc.DLL
0x000007fefd9c0000 - 0x000007fefda59000 	C:\Windows\system32\CLBCatQ.DLL
0x000007fef9fa0000 - 0x000007fefa101000 	C:\Windows\system32\WindowsCodecs.dll
0x000007fefc840000 - 0x000007fefc897000 	C:\Windows\system32\apphelp.dll
0x000007fef8620000 - 0x000007fef8674000 	C:\Program Files (x86)\Dropbox\Client\DropboxExt64.19.0.dll
0x000007fefd3c0000 - 0x000007fefd597000 	C:\Windows\system32\SETUPAPI.dll
0x000007fefcb10000 - 0x000007fefcb46000 	C:\Windows\system32\CFGMGR32.dll
0x000007fefcb50000 - 0x000007fefcb6a000 	C:\Windows\system32\DEVOBJ.dll
0x000007fefad40000 - 0x000007fefae6c000 	C:\Windows\system32\propsys.dll
0x000007fefbd50000 - 0x000007fefbd7d000 	C:\Windows\system32\ntmarta.dll
0x000007fefeea0000 - 0x000007fefeef2000 	C:\Windows\system32\WLDAP32.dll
0x000007fef9280000 - 0x000007fef929f000 	C:\Windows\system32\thumbcache.dll
0x000007fef84b0000 - 0x000007fef851b000 	C:\Windows\system32\PhotoMetadataHandler.dll
0x000007fef8270000 - 0x000007fef82a5000 	C:\Windows\system32\EhStorShell.dll
0x000000006fa00000 - 0x000000006fa2a000 	C:\Program Files\Java\jdk1.7.0_67\jre\bin\dcpr.dll
0x0000000180000000 - 0x0000000180025000 	C:\Program Files\Java\jdk1.7.0_67\jre\bin\rxtxSerial.dll
0x000007fef5000000 - 0x000007fef5125000 	C:\Windows\system32\dbghelp.dll

VM Arguments:
jvm_args: -Xdebug -Xrunjdwp:transport=dt_shmem,address=javadebug -Dfile.encoding=UTF-8 
java_command: eventlogger.EventLoggerApp
Launcher Type: SUN_STANDARD

Environment Variables:
PATH=C:\Program Files (x86)\Intel\iCLS Client\;C:\Program Files\Intel\iCLS Client\;C:\Windows\system32;C:\Windows;C:\Windows\System32\Wbem;C:\Windows\System32\WindowsPowerShell\v1.0\;C:\Program Files (x86)\Intel\OpenCL SDK\2.0\bin\x86;C:\Program Files (x86)\Intel\OpenCL SDK\2.0\bin\x64;C:\Program Files\Intel\Intel(R) Management Engine Components\DAL;C:\Program Files\Intel\Intel(R) Management Engine Components\IPT;C:\Program Files (x86)\Intel\Intel(R) Management Engine Components\DAL;C:\Program Files (x86)\Intel\Intel(R) Management Engine Components\IPT;C:\Program Files (x86)\Intel\Services\IPT\;C:\Program Files (x86)\Microchip\MPLAB C32 Suite\bin;C:\Program Files (x86)\Microchip\xc16\v1.21\bin;C:\Cadence\SPB_16.3\tools\bin;C:\Cadence\SPB_16.3\tools\libutil\bin;C:\Cadence\SPB_16.3\tools\fet\bin;C:\Cadence\SPB_16.3\tools\pcb\bin;C:\Cadence\SPB_16.3\tools\specctra\bin;C:\Cadence\SPB_16.3\tools\PSpice;C:\Cadence\SPB_16.3\tools\PSpice\Library;C:\Cadence\SPB_16.3\tools\Capture;C:\Cadence\SPB_16.3\OpenAccess\bin\win32\opt;C:\OrCAD\OrCAD_10.3\tools\fet\bin;C:\OrCAD\OrCAD_10.3\tools\pcb\bin;C:\OrCAD\OrCAD_10.3\tools\specctra\bin;C:\OrCAD\OrCAD_10.3\tools\PSpice\Library;C:\OrCAD\OrCAD_10.3\tools\bin;C:\OrCAD\OrCAD_10.3\tools\Capture;C:\Program Files (x86)\Microchip\xc8\v1.34\bin;C:\Program Files (x86)\Skype\Phone\
USERNAME=insys Digital system
OS=Windows_NT
PROCESSOR_IDENTIFIER=Intel64 Family 6 Model 58 Stepping 9, GenuineIntel



---------------  S Y S T E M  ---------------

OS: Windows 7 , 64 bit Build 7601 Service Pack 1

CPU:total 4 (4 cores per cpu, 1 threads per core) family 6 model 58 stepping 9, cmov, cx8, fxsr, mmx, sse, sse2, sse3, ssse3, sse4.1, sse4.2, popcnt, avx, aes, erms, tsc, tscinvbit, tscinv

Memory: 4k page, physical 4087848k(1077504k free), swap 8173836k(3957212k free)

vm_info: Java HotSpot(TM) 64-Bit Server VM (24.65-b04) for windows-amd64 JRE (1.7.0_67-b01), built on Jul 25 2014 08:55:00 by "java_re" with unknown MS VC++:1600

time: Fri Nov 10 12:38:32 2017
elapsed time: 1320 seconds

